  main.c
C:\Users\Administrator\Desktop\홍\Edu_0803\Edu_0803\main.c(20,59): warning C4033: 'Push'은(는) 값을 반환해야 합니다.
C:\Users\Administrator\Desktop\홍\Edu_0803\Edu_0803\main.c(22,22): error C2440: '=': 'int'에서 'Order'(으)로 변환할 수 없습니다.
C:\Users\Administrator\Desktop\홍\Edu_0803\Edu_0803\main.c(30,2): error C2198: 'memcpy': 호출에 인수가 너무 적습니다.
C:\Users\Administrator\Desktop\홍\Edu_0803\Edu_0803\main.c(31,6): error C2040: 'result': 'int'의 간접 참조 수준이 'Order *'과(와) 다릅니다.
C:\Users\Administrator\Desktop\홍\Edu_0803\Edu_0803\main.c(44,9): warning C4013: 'Random'이(가) 정의되지 않았습니다. extern은 int형을 반환하는 것으로 간주합니다.
C:\Users\Administrator\Desktop\홍\Edu_0803\Edu_0803\main.c(70,8): warning C4244: '함수': 'time_t'에서 'unsigned int'(으)로 변환하면서 데이터가 손실될 수 있습니다.
C:\Users\Administrator\Desktop\홍\Edu_0803\Edu_0803\main.c(79,17): warning C4047: '함수': 'Order *'의 간접 참조 수준이 'Order *[101]'과(와) 다릅니다.
C:\Users\Administrator\Desktop\홍\Edu_0803\Edu_0803\main.c(79,14): warning C4024: 'Push': 형식 및 실제 매개 변수 1의 형식이 서로 다릅니다.
C:\Users\Administrator\Desktop\홍\Edu_0803\Edu_0803\main.c(79,25): warning C4133: '함수': 'double *'과(와) 'int *' 사이의 형식이 호환되지 않습니다.
C:\Users\Administrator\Desktop\홍\Edu_0803\Edu_0803\main.c(79,31): warning C4133: '함수': 'double *'과(와) 'int *' 사이의 형식이 호환되지 않습니다.
C:\Users\Administrator\Desktop\홍\Edu_0803\Edu_0803\main.c(79,46): warning C4047: '함수': 'int'의 간접 참조 수준이 'Order *'과(와) 다릅니다.
C:\Users\Administrator\Desktop\홍\Edu_0803\Edu_0803\main.c(79,33): warning C4024: 'Push': 형식 및 실제 매개 변수 4의 형식이 서로 다릅니다.
C:\Users\Administrator\Desktop\홍\Edu_0803\Edu_0803\main.c(79,9): error C2198: 'Push': 호출에 인수가 너무 적습니다.
C:\Users\Administrator\Desktop\홍\Edu_0803\Edu_0803\main.c(83,3): error C2440: '=': 'double (__cdecl *)(double,double)'에서 'double'(으)로 변환할 수 없습니다.
C:\Users\Administrator\Desktop\홍\Edu_0803\Edu_0803\main.c(83,3): error C2143: 구문 오류: ';'이(가) '}' 앞에 없습니다.
C:\Users\Administrator\Desktop\홍\Edu_0803\Edu_0803\main.c(86,34): warning C4047: '함수': 'Order *'의 간접 참조 수준이 'Order *[101]'과(와) 다릅니다.
C:\Users\Administrator\Desktop\홍\Edu_0803\Edu_0803\main.c(86,31): warning C4024: 'Pop': 형식 및 실제 매개 변수 1의 형식이 서로 다릅니다.
C:\Users\Administrator\Desktop\홍\Edu_0803\Edu_0803\main.c(86,42): warning C4133: '함수': 'double *'과(와) 'int *' 사이의 형식이 호환되지 않습니다.
C:\Users\Administrator\Desktop\홍\Edu_0803\Edu_0803\main.c(86,48): warning C4133: '함수': 'double *'과(와) 'int *' 사이의 형식이 호환되지 않습니다.
C:\Users\Administrator\Desktop\홍\Edu_0803\Edu_0803\main.c(91,12): warning C4477: 'printf' : 서식 문자열 '%7d'에 'int' 형식의 인수가 필요하지만 variadic 인수 2의 형식이 'char *'입니다.
C:\Users\Administrator\Desktop\홍\Edu_0803\Edu_0803\main.c(91,12): warning C4313: 'printf': 서식 문자열의 '%d'이(가) char *' 형식의 인수 2과(와) 충돌합니다.
C:\Users\Administrator\Desktop\홍\Edu_0803\Edu_0803\main.c(91,12): warning C4473: 'printf': 서식 문자열에 대한 인수가 충분하게 전달되지 않았습니다.
C:\Users\Administrator\Desktop\홍\Edu_0803\Edu_0803\main.c(91,12): message : 자리 표시자 및 해당 매개 변수에는 variadic 인수가 3개 필요하지만 2개가 제공되었습니다.
C:\Users\Administrator\Desktop\홍\Edu_0803\Edu_0803\main.c(91,12): message : 누락된 variadic 인수 3이(가) 서식 문자열 '%20s'에 필요합니다.
C:\Users\Administrator\Desktop\홍\Edu_0803\Edu_0803\main.c(94,19): error C2374: 'result': 재정의. 여러 번 초기화했습니다.
C:\Users\Administrator\Desktop\홍\Edu_0803\Edu_0803\main.c(86): message : 'result' 선언을 참조하십시오.
C:\Users\Administrator\Desktop\홍\Edu_0803\Edu_0803\main.c(94,28): error C2198: 'Pop': 호출에 인수가 너무 적습니다.
C:\Users\Administrator\Desktop\홍\Edu_0803\Edu_0803\main.c(95,5): error C2146: 구문 오류: ';'이(가) 'printf' 식별자 앞에 없습니다.
C:\Users\Administrator\Desktop\홍\Edu_0803\Edu_0803\main.c(114,9): warning C4475: 'printf' : 길이 한정자 'I'은(는) 서식 지정자에서 형식 필드 문자 'f'과(와) 함께 사용할 수 없습니다.
