  main.c
C:\Users\Administrator\Desktop\홍\Edu07_0721\main.c(31,9): warning C4477: 'printf' : 서식 문자열 '%d'에 'int' 형식의 인수가 필요하지만 variadic 인수 1의 형식이 'int *'입니다.
C:\Users\Administrator\Desktop\홍\Edu07_0721\main.c(31,9): warning C4313: 'printf': 서식 문자열의 '%d'이(가) int *' 형식의 인수 1과(와) 충돌합니다.
C:\Users\Administrator\Desktop\홍\Edu07_0721\main.c(34,9): warning C4477: 'printf' : 서식 문자열 '%d'에 'int' 형식의 인수가 필요하지만 variadic 인수 1의 형식이 'int *'입니다.
C:\Users\Administrator\Desktop\홍\Edu07_0721\main.c(34,9): warning C4313: 'printf': 서식 문자열의 '%d'이(가) int *' 형식의 인수 1과(와) 충돌합니다.
C:\Users\Administrator\Desktop\홍\Edu07_0721\main.c(35,9): warning C4477: 'printf' : 서식 문자열 '%d'에 'int' 형식의 인수가 필요하지만 variadic 인수 1의 형식이 'int *'입니다.
C:\Users\Administrator\Desktop\홍\Edu07_0721\main.c(35,9): warning C4313: 'printf': 서식 문자열의 '%d'이(가) int *' 형식의 인수 1과(와) 충돌합니다.
C:\Users\Administrator\Desktop\홍\Edu07_0721\main.c(37,9): warning C4477: 'printf' : 서식 문자열 '%d'에 'int' 형식의 인수가 필요하지만 variadic 인수 1의 형식이 'int *'입니다.
C:\Users\Administrator\Desktop\홍\Edu07_0721\main.c(37,9): warning C4313: 'printf': 서식 문자열의 '%d'이(가) int *' 형식의 인수 1과(와) 충돌합니다.
C:\Users\Administrator\Desktop\홍\Edu07_0721\main.c(38,9): warning C4477: 'printf' : 서식 문자열 '%d'에 'int' 형식의 인수가 필요하지만 variadic 인수 1의 형식이 'int *'입니다.
C:\Users\Administrator\Desktop\홍\Edu07_0721\main.c(38,9): warning C4313: 'printf': 서식 문자열의 '%d'이(가) int *' 형식의 인수 1과(와) 충돌합니다.
C:\Users\Administrator\Desktop\홍\Edu07_0721\main.c(43,9): warning C4477: 'printf' : 서식 문자열 '%d'에 'int' 형식의 인수가 필요하지만 variadic 인수 1의 형식이 'int *'입니다.
C:\Users\Administrator\Desktop\홍\Edu07_0721\main.c(43,9): warning C4313: 'printf': 서식 문자열의 '%d'이(가) int *' 형식의 인수 1과(와) 충돌합니다.
C:\Users\Administrator\Desktop\홍\Edu07_0721\main.c(44,9): warning C4477: 'printf' : 서식 문자열 '%d'에 'int' 형식의 인수가 필요하지만 variadic 인수 1의 형식이 'char *'입니다.
C:\Users\Administrator\Desktop\홍\Edu07_0721\main.c(44,9): warning C4313: 'printf': 서식 문자열의 '%d'이(가) char *' 형식의 인수 1과(와) 충돌합니다.
C:\Users\Administrator\Desktop\홍\Edu07_0721\main.c(47,8): warning C4047: '=': 'int *'의 간접 참조 수준이 'int (*)[2]'과(와) 다릅니다.
C:\Users\Administrator\Desktop\홍\Edu07_0721\main.c(48,9): warning C4477: 'printf' : 서식 문자열 '%d'에 'int' 형식의 인수가 필요하지만 variadic 인수 1의 형식이 'int *'입니다.
C:\Users\Administrator\Desktop\홍\Edu07_0721\main.c(48,9): warning C4313: 'printf': 서식 문자열의 '%d'이(가) int *' 형식의 인수 1과(와) 충돌합니다.
C:\Users\Administrator\Desktop\홍\Edu07_0721\main.c(152,8): warning C4013: 'time'이(가) 정의되지 않았습니다. extern은 int형을 반환하는 것으로 간주합니다.
C:\Users\Administrator\Desktop\홍\Edu07_0721\main.c(41,1): warning C4133: '초기화 중': 'int *'과(와) 'char *' 사이의 형식이 호환되지 않습니다.
  Edu07_0721.vcxproj -> C:\Users\Administrator\Desktop\홍\Edu07_0721\x64\Debug\Edu07_0721.exe
